[debug] [2022-03-08T16:54:02.135Z] ----------------------------------------------------------------------
[debug] [2022-03-08T16:54:02.139Z] Command:       C:\Program Files\nodejs\node.exe C:\Users\91807\AppData\Roaming\npm\node_modules\firebase-tools\lib\bin\firebase.js deploy
[debug] [2022-03-08T16:54:02.140Z] CLI Version:   10.2.2
[debug] [2022-03-08T16:54:02.140Z] Platform:      win32
[debug] [2022-03-08T16:54:02.140Z] Node Version:  v16.14.0
[debug] [2022-03-08T16:54:02.142Z] Time:          Tue Mar 08 2022 22:24:02 GMT+0530 (India Standard Time)
[debug] [2022-03-08T16:54:02.143Z] ----------------------------------------------------------------------
[debug] 
[debug] [2022-03-08T16:54:02.256Z] > command requires scopes: ["email","openid","https://www.googleapis.com/auth/cloudplatformprojects.readonly","https://www.googleapis.com/auth/firebase","https://www.googleapis.com/auth/cloud-platform"]
[debug] [2022-03-08T16:54:02.256Z] > authorizing via signed-in user (mr.sahu5678@gmail.com)
[debug] [2022-03-08T16:54:02.256Z] [iam] checking project omni-fish-c6893 for permissions ["firebase.projects.get","firebasehosting.sites.update"]
[debug] [2022-03-08T16:54:02.260Z] >>> [apiv2][query] POST https://cloudresourcemanager.googleapis.com/v1/projects/omni-fish-c6893:testIamPermissions [none]
[debug] [2022-03-08T16:54:02.260Z] >>> [apiv2][body] POST https://cloudresourcemanager.googleapis.com/v1/projects/omni-fish-c6893:testIamPermissions {"permissions":["firebase.projects.get","firebasehosting.sites.update"]}
[debug] [2022-03-08T16:54:23.628Z] [iam] error while checking permissions, command may fail: FirebaseError: Failed to make request to https://cloudresourcemanager.googleapis.com/v1/projects/omni-fish-c6893:testIamPermissions
[debug] [2022-03-08T16:54:23.630Z] >>> [apiv2][query] GET https://firebase.googleapis.com/v1beta1/projects/omni-fish-c6893 [none]
[debug] [2022-03-08T16:54:44.734Z] Failed to make request to https://firebase.googleapis.com/v1beta1/projects/omni-fish-c6893
[debug] [2022-03-08T16:55:05.949Z] FirebaseError: Failed to make request to https://firebase.googleapis.com/v1beta1/projects/omni-fish-c6893
    at RetryOperation._fn (C:\Users\91807\AppData\Roaming\npm\node_modules\firebase-tools\lib\apiv2.js:240:31)
    at processTicksAndRejections (node:internal/process/task_queues:96:5)
[error] 
[error] Error: Failed to get Firebase project omni-fish-c6893. Please make sure the project exists and your account has permission to access it.
[debug] [2022-03-08T16:55:36.360Z] ----------------------------------------------------------------------
[debug] [2022-03-08T16:55:36.363Z] Command:       C:\Program Files\nodejs\node.exe C:\Users\91807\AppData\Roaming\npm\node_modules\firebase-tools\lib\bin\firebase.js deploy
[debug] [2022-03-08T16:55:36.364Z] CLI Version:   10.2.2
[debug] [2022-03-08T16:55:36.364Z] Platform:      win32
[debug] [2022-03-08T16:55:36.364Z] Node Version:  v16.14.0
[debug] [2022-03-08T16:55:36.366Z] Time:          Tue Mar 08 2022 22:25:36 GMT+0530 (India Standard Time)
[debug] [2022-03-08T16:55:36.366Z] ----------------------------------------------------------------------
[debug] 
[debug] [2022-03-08T16:55:36.517Z] > command requires scopes: ["email","openid","https://www.googleapis.com/auth/cloudplatformprojects.readonly","https://www.googleapis.com/auth/firebase","https://www.googleapis.com/auth/cloud-platform"]
[debug] [2022-03-08T16:55:36.518Z] > authorizing via signed-in user (mr.sahu5678@gmail.com)
[debug] [2022-03-08T16:55:36.518Z] [iam] checking project omni-fish-c6893 for permissions ["firebase.projects.get","firebasehosting.sites.update"]
[debug] [2022-03-08T16:55:36.526Z] >>> [apiv2][query] POST https://cloudresourcemanager.googleapis.com/v1/projects/omni-fish-c6893:testIamPermissions [none]
[debug] [2022-03-08T16:55:36.526Z] >>> [apiv2][body] POST https://cloudresourcemanager.googleapis.com/v1/projects/omni-fish-c6893:testIamPermissions {"permissions":["firebase.projects.get","firebasehosting.sites.update"]}
[debug] [2022-03-08T16:55:38.147Z] <<< [apiv2][status] POST https://cloudresourcemanager.googleapis.com/v1/projects/omni-fish-c6893:testIamPermissions 200
[debug] [2022-03-08T16:55:38.148Z] <<< [apiv2][body] POST https://cloudresourcemanager.googleapis.com/v1/projects/omni-fish-c6893:testIamPermissions {"permissions":["firebase.projects.get","firebasehosting.sites.update"]}
[debug] [2022-03-08T16:55:38.150Z] >>> [apiv2][query] GET https://firebase.googleapis.com/v1beta1/projects/omni-fish-c6893 [none]
[debug] [2022-03-08T16:59:43.233Z] ----------------------------------------------------------------------
[debug] [2022-03-08T16:59:43.235Z] Command:       C:\Program Files\nodejs\node.exe C:\Users\91807\AppData\Roaming\npm\node_modules\firebase-tools\lib\bin\firebase.js deploy
[debug] [2022-03-08T16:59:43.236Z] CLI Version:   10.2.2
[debug] [2022-03-08T16:59:43.236Z] Platform:      win32
[debug] [2022-03-08T16:59:43.236Z] Node Version:  v16.14.0
[debug] [2022-03-08T16:59:43.237Z] Time:          Tue Mar 08 2022 22:29:43 GMT+0530 (India Standard Time)
[debug] [2022-03-08T16:59:43.238Z] ----------------------------------------------------------------------
[debug] 
[debug] [2022-03-08T16:59:43.325Z] > command requires scopes: ["email","openid","https://www.googleapis.com/auth/cloudplatformprojects.readonly","https://www.googleapis.com/auth/firebase","https://www.googleapis.com/auth/cloud-platform"]
[debug] [2022-03-08T16:59:43.326Z] > authorizing via signed-in user (mr.sahu5678@gmail.com)
[debug] [2022-03-08T16:59:43.326Z] [iam] checking project omni-fish-c6893 for permissions ["firebase.projects.get","firebasehosting.sites.update"]
[debug] [2022-03-08T16:59:43.329Z] >>> [apiv2][query] POST https://cloudresourcemanager.googleapis.com/v1/projects/omni-fish-c6893:testIamPermissions [none]
[debug] [2022-03-08T16:59:43.330Z] >>> [apiv2][body] POST https://cloudresourcemanager.googleapis.com/v1/projects/omni-fish-c6893:testIamPermissions {"permissions":["firebase.projects.get","firebasehosting.sites.update"]}
[debug] [2022-03-08T16:59:48.410Z] <<< [apiv2][status] POST https://cloudresourcemanager.googleapis.com/v1/projects/omni-fish-c6893:testIamPermissions 200
[debug] [2022-03-08T16:59:48.411Z] <<< [apiv2][body] POST https://cloudresourcemanager.googleapis.com/v1/projects/omni-fish-c6893:testIamPermissions {"permissions":["firebase.projects.get","firebasehosting.sites.update"]}
[debug] [2022-03-08T16:59:48.413Z] >>> [apiv2][query] GET https://firebase.googleapis.com/v1beta1/projects/omni-fish-c6893 [none]
[debug] [2022-03-08T17:00:09.550Z] Failed to make request to https://firebase.googleapis.com/v1beta1/projects/omni-fish-c6893
[debug] [2022-03-08T17:00:10.926Z] FirebaseError: Failed to make request to https://firebase.googleapis.com/v1beta1/projects/omni-fish-c6893
    at RetryOperation._fn (C:\Users\91807\AppData\Roaming\npm\node_modules\firebase-tools\lib\apiv2.js:240:31)
    at processTicksAndRejections (node:internal/process/task_queues:96:5)
[error] 
[error] Error: Failed to get Firebase project omni-fish-c6893. Please make sure the project exists and your account has permission to access it.
